TN:
SF:src\router.ts
FN:23,(anonymous_0)
FN:36,(anonymous_1)
FN:50,(anonymous_2)
FNF:3
FNH:3
FNDA:4,(anonymous_0)
FNDA:2,(anonymous_1)
FNDA:8,(anonymous_2)
DA:1,2
DA:2,2
DA:3,2
DA:4,2
DA:6,2
DA:8,2
DA:10,2
DA:16,2
DA:23,4
DA:29,2
DA:36,2
DA:42,2
DA:50,8
DA:57,2
DA:62,2
LF:15
LH:15
BRF:0
BRH:0
end_of_record
TN:
SF:src\server.ts
FN:7,connectDB
FN:28,(anonymous_2)
FNF:2
FNH:2
FNDA:3,connectDB
FNDA:1,(anonymous_2)
DA:1,2
DA:2,2
DA:3,2
DA:4,2
DA:7,2
DA:8,3
DA:9,3
DA:10,2
DA:14,1
DA:17,2
DA:19,2
DA:22,2
DA:24,2
DA:28,2
DA:29,1
DA:32,2
LF:16
LH:16
BRF:0
BRH:0
end_of_record
TN:
SF:src\config\db.ts
FNF:0
FNH:0
DA:1,2
DA:2,2
DA:5,2
DA:7,2
DA:12,2
LF:5
LH:5
BRF:0
BRH:0
end_of_record
TN:
SF:src\handlers\product.ts
FN:4,(anonymous_1)
FN:14,(anonymous_2)
FN:23,(anonymous_3)
FN:28,(anonymous_4)
FN:42,(anonymous_5)
FN:56,(anonymous_6)
FNF:6
FNH:6
FNDA:2,(anonymous_1)
FNDA:2,(anonymous_2)
FNDA:1,(anonymous_3)
FNDA:2,(anonymous_4)
FNDA:2,(anonymous_5)
FNDA:2,(anonymous_6)
DA:2,2
DA:4,2
DA:5,2
DA:11,2
DA:14,2
DA:15,2
DA:16,2
DA:17,2
DA:18,1
DA:20,1
DA:23,2
DA:24,1
DA:25,1
DA:28,2
DA:29,2
DA:30,2
DA:31,2
DA:32,1
DA:36,1
DA:37,1
DA:39,1
DA:42,2
DA:43,2
DA:44,2
DA:45,2
DA:46,1
DA:50,1
DA:51,1
DA:53,1
DA:56,2
DA:57,2
DA:58,2
DA:59,2
DA:60,1
DA:63,1
DA:64,1
LF:36
LH:36
BRDA:17,0,0,1
BRDA:17,0,1,1
BRDA:31,1,0,1
BRDA:31,1,1,1
BRDA:45,2,0,1
BRDA:45,2,1,1
BRDA:59,3,0,1
BRDA:59,3,1,1
BRF:8
BRH:8
end_of_record
TN:
SF:src\middleware\index.ts
FN:5,(anonymous_0)
FNF:1
FNH:1
FNDA:19,(anonymous_0)
DA:3,2
DA:5,2
DA:7,19
DA:8,19
DA:9,10
DA:11,9
LF:6
LH:6
BRDA:8,0,0,10
BRDA:8,0,1,9
BRF:2
BRH:2
end_of_record
TN:
SF:src\models\Product.model.ts
FNF:0
FNH:0
DA:1,3
DA:7,3
DA:11,3
DA:16,3
DA:22,3
DA:26,3
LF:6
LH:6
BRF:0
BRH:0
end_of_record
